
Showing logs for build [32mcb-kubecd-environment-pr-205-77-x2c7r-1[0m stage [32mfrom-build-pack[0m and container [32mstep-credential-initializer-vfmfx[0m
{"level":"info","ts":1587314512.259499,"logger":"fallback-logger","caller":"logging/config.go:69","msg":"Fetch GitHub commit ID from kodata failed: open /var/run/ko/refs/heads/0.8.0-ns-support: no such file or directory"}
{"level":"info","ts":1587314512.260278,"logger":"fallback-logger","caller":"creds-init/main.go:40","msg":"Credentials initialized."}

Showing logs for build [32mcb-kubecd-environment-pr-205-77-x2c7r-1[0m stage [32mfrom-build-pack[0m and container [32mstep-working-dir-initializer-snmrl[0m
{"level":"info","ts":1587314513.2788727,"logger":"fallback-logger","caller":"logging/config.go:69","msg":"Fetch GitHub commit ID from kodata failed: open /var/run/ko/HEAD: no such file or directory"}
{"level":"info","ts":1587314513.2813616,"logger":"fallback-logger","caller":"bash/main.go:64","msg":"Successfully executed command \"sh -c mkdir -p /workspace/source\"; output "}

Showing logs for build [32mcb-kubecd-environment-pr-205-77-x2c7r-1[0m stage [32mfrom-build-pack[0m and container [32mstep-place-tools[0m

Showing logs for build [32mcb-kubecd-environment-pr-205-77-x2c7r-1[0m stage [32mfrom-build-pack[0m and container [32mstep-git-source-cb-kubecd-environment-pr-205-77-x2c7r-6gsv5[0m
{"level":"info","ts":1587314517.3270981,"logger":"fallback-logger","caller":"logging/config.go:69","msg":"Fetch GitHub commit ID from kodata failed: open /var/run/ko/refs/heads/0.8.0-ns-support: no such file or directory"}
{"level":"info","ts":1587314518.3538184,"logger":"fallback-logger","caller":"git/git.go:103","msg":"Successfully cloned https://github.com/cb-kubecd/environment-pr-205-77-boot-gke-production.git @ master in path /workspace/source"}

Showing logs for build [32mcb-kubecd-environment-pr-205-77-x2c7r-1[0m stage [32mfrom-build-pack[0m and container [32mstep-git-merge[0m
Using SHAs from PULL_REFS=master:68822588448faa374c055e9d0265b2e3daa75033,1:536ad7fc1bce40d04827e5f6fde1e4607aa67f95
DEBUG: LC_ALL=C JX_LOG_LEVEL=error git fetch origin --unshallow 536ad7fc1bce40d04827e5f6fde1e4607aa67f95: 68822588448faa374c055e9d0265b2e3daa75033:
DEBUG: ran git fetch --unshallow origin 536ad7fc1bce40d04827e5f6fde1e4607aa67f95: 68822588448faa374c055e9d0265b2e3daa75033: in 
DEBUG: LC_ALL=C JX_LOG_LEVEL=error git branch
DEBUG: LC_ALL=C JX_LOG_LEVEL=error git checkout master
DEBUG: ran git checkout master in 
DEBUG: LC_ALL=C JX_LOG_LEVEL=error git reset --hard 68822588448faa374c055e9d0265b2e3daa75033
DEBUG: ran git reset --hard 68822588448faa374c055e9d0265b2e3daa75033 in 
DEBUG: LC_ALL=C JX_LOG_LEVEL=error git clean -fd .
DEBUG: ran clean --force -d . in 
DEBUG: LC_ALL=C JX_LOG_LEVEL=error git merge 536ad7fc1bce40d04827e5f6fde1e4607aa67f95
DEBUG: ran git merge 536ad7fc1bce40d04827e5f6fde1e4607aa67f95 in 
DEBUG: LC_ALL=C JX_LOG_LEVEL=error git log --format=%H%x1f%an%x1f%ae%x1f%cn%x1f%ce%x1f%s%n%b%x1e 68822588448faa374c055e9d0265b2e3daa75033..HEAD
Merged SHA 536ad7fc1bce40d04827e5f6fde1e4607aa67f95 with commit message 'chore: Promote bdd-spring-1587313620 to version 0.0.1' into base branch master

Showing logs for build [32mcb-kubecd-environment-pr-205-77-x2c7r-1[0m stage [32mfrom-build-pack[0m and container [32mstep-build-helm-build[0m
WARNING: No $CHART_REPOSITORY defined so using the default value of: http://jenkins-x-chartmuseum:8080
Adding missing Helm repo: storage.googleapis.com https://storage.googleapis.com/chartmuseum.jenkins-x.io
WARNING: No secrets found on "helm/repos" due: reading the secret "helm/repos" from vault: no secret "helm/repos" not found in vault
Read credentials for https://storage.googleapis.com/chartmuseum.jenkins-x.io from vault helm/repos
Successfully added Helm repository storage.googleapis.com.
Adding missing Helm repo: jenkins-x-chartmuseum http://jenkins-x-chartmuseum:8080
WARNING: No secrets found on "helm/repos" due: reading the secret "helm/repos" from vault: no secret "helm/repos" not found in vault
Read credentials for http://jenkins-x-chartmuseum:8080 from vault helm/repos
Successfully added Helm repository jenkins-x-chartmuseum.
WARNING: No $CHART_REPOSITORY defined so using the default value of: http://jenkins-x-chartmuseum:8080
Adding missing Helm repo: chartmuseum.jenkins-x.io http://chartmuseum.jenkins-x.io
WARNING: No secrets found on "helm/repos" due: reading the secret "helm/repos" from vault: no secret "helm/repos" not found in vault
Read credentials for http://chartmuseum.jenkins-x.io from vault helm/repos
Successfully added Helm repository chartmuseum.jenkins-x.io.
